This file contains any messages produced by compilers while
running configure, to aid debugging if configure makes a mistake.

It was created by desmume configure svn, which was
generated by GNU Autoconf 2.69.  Invocation command line was

  $ ./configure 

## --------- ##
## Platform. ##
## --------- ##

hostname = richel-K73E
uname -m = i686
uname -r = 3.19.0-18-generic
uname -s = Linux
uname -v = #18-Ubuntu SMP Tue May 19 18:30:59 UTC 2015

/usr/bin/uname -p = unknown
/bin/uname -X     = unknown

/bin/arch              = unknown
/usr/bin/arch -k       = unknown
/usr/convex/getsysinfo = unknown
/usr/bin/hostinfo      = unknown
/bin/machine           = unknown
/usr/bin/oslevel       = unknown
/bin/universe          = unknown

PATH: /home/richel/bin
PATH: /usr/local/sbin
PATH: /usr/local/bin
PATH: /usr/sbin
PATH: /usr/bin
PATH: /sbin
PATH: /bin
PATH: /usr/games
PATH: /usr/local/games
PATH: /home/richel/GitHubs/ProjectRichelBilderbeek/Libraries/mxe/usr/bin/


## ----------- ##
## Core tests. ##
## ----------- ##

configure:2427: checking build system type
configure:2441: result: i686-pc-linux-gnu
configure:2461: checking host system type
configure:2474: result: i686-pc-linux-gnu
configure:2518: checking for a BSD-compatible install
configure:2586: result: /usr/bin/install -c
configure:2597: checking whether build environment is sane
configure:2647: result: yes
configure:2788: checking for a thread-safe mkdir -p
configure:2827: result: /bin/mkdir -p
configure:2840: checking for gawk
configure:2856: found /usr/bin/gawk
configure:2867: result: gawk
configure:2878: checking whether make sets $(MAKE)
configure:2900: result: yes
configure:2975: checking how to create a pax tar archive
configure:2988: tar --version
tar (GNU tar) 1.27.1
Copyright (C) 2013 Free Software Foundation, Inc.
License GPLv3+: GNU GPL version 3 or later <http://gnu.org/licenses/gpl.html>.
This is free software: you are free to change and redistribute it.
There is NO WARRANTY, to the extent permitted by law.

Written by John Gilmore and Jay Fenlason.
configure:2991: $? = 0
configure:3031: tardir=conftest.dir && eval tar --format=posix -chf - "$tardir" >conftest.tar
configure:3034: $? = 0
configure:3038: tar -xf - <conftest.tar
configure:3041: $? = 0
configure:3054: result: gnutar
configure:3120: checking for g++
configure:3136: found /usr/bin/g++
configure:3147: result: g++
configure:3174: checking for C++ compiler version
configure:3183: g++ --version >&5
g++ (Ubuntu 4.9.2-10ubuntu13) 4.9.2
Copyright (C) 2014 Free Software Foundation, Inc.
This is free software; see the source for copying conditions.  There is NO
warranty; not even for MERCHANTABILITY or FITNESS FOR A PARTICULAR PURPOSE.

configure:3194: $? = 0
configure:3183: g++ -v >&5
Using built-in specs.
COLLECT_GCC=g++
COLLECT_LTO_WRAPPER=/usr/lib/gcc/i686-linux-gnu/4.9/lto-wrapper
Target: i686-linux-gnu
Configured with: ../src/configure -v --with-pkgversion='Ubuntu 4.9.2-10ubuntu13' --with-bugurl=file:///usr/share/doc/gcc-4.9/README.Bugs --enable-languages=c,c++,java,go,d,fortran,objc,obj-c++ --prefix=/usr --program-suffix=-4.9 --enable-shared --enable-linker-build-id --libexecdir=/usr/lib --without-included-gettext --enable-threads=posix --with-gxx-include-dir=/usr/include/c++/4.9 --libdir=/usr/lib --enable-nls --with-sysroot=/ --enable-clocale=gnu --enable-libstdcxx-debug --enable-libstdcxx-time=yes --enable-gnu-unique-object --disable-vtable-verify --enable-plugin --with-system-zlib --disable-browser-plugin --enable-java-awt=gtk --enable-gtk-cairo --with-java-home=/usr/lib/jvm/java-1.5.0-gcj-4.9-i386/jre --enable-java-home --with-jvm-root-dir=/usr/lib/jvm/java-1.5.0-gcj-4.9-i386 --with-jvm-jar-dir=/usr/lib/jvm-exports/java-1.5.0-gcj-4.9-i386 --with-arch-directory=i386 --with-ecj-jar=/usr/share/java/eclipse-ecj.jar --enable-objc-gc --enable-targets=all --enable-multiarch --disable-werror --with-arch-32=i686 --with-multilib-list=m32,m64,mx32 --enable-multilib --with-tune=generic --enable-checking=release --build=i686-linux-gnu --host=i686-linux-gnu --target=i686-linux-gnu
Thread model: posix
gcc version 4.9.2 (Ubuntu 4.9.2-10ubuntu13) 
configure:3194: $? = 0
configure:3183: g++ -V >&5
g++: error: unrecognized command line option '-V'
g++: fatal error: no input files
compilation terminated.
configure:3194: $? = 4
configure:3183: g++ -qversion >&5
g++: error: unrecognized command line option '-qversion'
g++: fatal error: no input files
compilation terminated.
configure:3194: $? = 4
configure:3214: checking whether the C++ compiler works
configure:3236: g++    conftest.cpp  >&5
configure:3240: $? = 0
configure:3288: result: yes
configure:3291: checking for C++ compiler default output file name
configure:3293: result: a.out
configure:3299: checking for suffix of executables
configure:3306: g++ -o conftest    conftest.cpp  >&5
configure:3310: $? = 0
configure:3332: result: 
configure:3354: checking whether we are cross compiling
configure:3362: g++ -o conftest    conftest.cpp  >&5
configure:3366: $? = 0
configure:3373: ./conftest
configure:3377: $? = 0
configure:3392: result: no
configure:3397: checking for suffix of object files
configure:3419: g++ -c   conftest.cpp >&5
configure:3423: $? = 0
configure:3444: result: o
configure:3448: checking whether we are using the GNU C++ compiler
configure:3467: g++ -c   conftest.cpp >&5
configure:3467: $? = 0
configure:3476: result: yes
configure:3485: checking whether g++ accepts -g
configure:3505: g++ -c -g  conftest.cpp >&5
configure:3505: $? = 0
configure:3546: result: yes
configure:3580: checking for style of include used by make
configure:3608: result: GNU
configure:3634: checking dependency style of g++
configure:3745: result: gcc3
configure:3804: checking for ranlib
configure:3820: found /usr/bin/ranlib
configure:3831: result: ranlib
configure:3902: checking for gcc
configure:3918: found /usr/bin/gcc
configure:3929: result: gcc
configure:4158: checking for C compiler version
configure:4167: gcc --version >&5
gcc (Ubuntu 4.9.2-10ubuntu13) 4.9.2
Copyright (C) 2014 Free Software Foundation, Inc.
This is free software; see the source for copying conditions.  There is NO
warranty; not even for MERCHANTABILITY or FITNESS FOR A PARTICULAR PURPOSE.

configure:4178: $? = 0
configure:4167: gcc -v >&5
Using built-in specs.
COLLECT_GCC=gcc
COLLECT_LTO_WRAPPER=/usr/lib/gcc/i686-linux-gnu/4.9/lto-wrapper
Target: i686-linux-gnu
Configured with: ../src/configure -v --with-pkgversion='Ubuntu 4.9.2-10ubuntu13' --with-bugurl=file:///usr/share/doc/gcc-4.9/README.Bugs --enable-languages=c,c++,java,go,d,fortran,objc,obj-c++ --prefix=/usr --program-suffix=-4.9 --enable-shared --enable-linker-build-id --libexecdir=/usr/lib --without-included-gettext --enable-threads=posix --with-gxx-include-dir=/usr/include/c++/4.9 --libdir=/usr/lib --enable-nls --with-sysroot=/ --enable-clocale=gnu --enable-libstdcxx-debug --enable-libstdcxx-time=yes --enable-gnu-unique-object --disable-vtable-verify --enable-plugin --with-system-zlib --disable-browser-plugin --enable-java-awt=gtk --enable-gtk-cairo --with-java-home=/usr/lib/jvm/java-1.5.0-gcj-4.9-i386/jre --enable-java-home --with-jvm-root-dir=/usr/lib/jvm/java-1.5.0-gcj-4.9-i386 --with-jvm-jar-dir=/usr/lib/jvm-exports/java-1.5.0-gcj-4.9-i386 --with-arch-directory=i386 --with-ecj-jar=/usr/share/java/eclipse-ecj.jar --enable-objc-gc --enable-targets=all --enable-multiarch --disable-werror --with-arch-32=i686 --with-multilib-list=m32,m64,mx32 --enable-multilib --with-tune=generic --enable-checking=release --build=i686-linux-gnu --host=i686-linux-gnu --target=i686-linux-gnu
Thread model: posix
gcc version 4.9.2 (Ubuntu 4.9.2-10ubuntu13) 
configure:4178: $? = 0
configure:4167: gcc -V >&5
gcc: error: unrecognized command line option '-V'
gcc: fatal error: no input files
compilation terminated.
configure:4178: $? = 4
configure:4167: gcc -qversion >&5
gcc: error: unrecognized command line option '-qversion'
gcc: fatal error: no input files
compilation terminated.
configure:4178: $? = 4
configure:4182: checking whether we are using the GNU C compiler
configure:4201: gcc -c   conftest.c >&5
configure:4201: $? = 0
configure:4210: result: yes
configure:4219: checking whether gcc accepts -g
configure:4239: gcc -c -g  conftest.c >&5
configure:4239: $? = 0
configure:4280: result: yes
configure:4297: checking for gcc option to accept ISO C89
configure:4360: gcc  -c -g -O2  conftest.c >&5
configure:4360: $? = 0
configure:4373: result: none needed
configure:4395: checking dependency style of gcc
configure:4506: result: gcc3
configure:4527: checking how to run the C preprocessor
configure:4558: gcc -E  conftest.c
configure:4558: $? = 0
configure:4572: gcc -E  conftest.c
conftest.c:11:28: fatal error: ac_nonexistent.h: No such file or directory
 #include <ac_nonexistent.h>
                            ^
compilation terminated.
configure:4572: $? = 1
configure: failed program was:
| /* confdefs.h */
| #define PACKAGE_NAME "desmume"
| #define PACKAGE_TARNAME "desmume"
| #define PACKAGE_VERSION "svn"
| #define PACKAGE_STRING "desmume svn"
| #define PACKAGE_BUGREPORT ""
| #define PACKAGE_URL ""
| #define PACKAGE "desmume"
| #define VERSION "svn"
| /* end confdefs.h.  */
| #include <ac_nonexistent.h>
configure:4597: result: gcc -E
configure:4617: gcc -E  conftest.c
configure:4617: $? = 0
configure:4631: gcc -E  conftest.c
conftest.c:11:28: fatal error: ac_nonexistent.h: No such file or directory
 #include <ac_nonexistent.h>
                            ^
compilation terminated.
configure:4631: $? = 1
configure: failed program was:
| /* confdefs.h */
| #define PACKAGE_NAME "desmume"
| #define PACKAGE_TARNAME "desmume"
| #define PACKAGE_VERSION "svn"
| #define PACKAGE_STRING "desmume svn"
| #define PACKAGE_BUGREPORT ""
| #define PACKAGE_URL ""
| #define PACKAGE "desmume"
| #define VERSION "svn"
| /* end confdefs.h.  */
| #include <ac_nonexistent.h>
configure:4660: checking for grep that handles long lines and -e
configure:4718: result: /bin/grep
configure:4723: checking for egrep
configure:4785: result: /bin/grep -E
configure:4790: checking for ANSI C header files
configure:4810: gcc -c -g -O2  conftest.c >&5
configure:4810: $? = 0
configure:4883: gcc -o conftest -g -O2   conftest.c  >&5
configure:4883: $? = 0
configure:4883: ./conftest
configure:4883: $? = 0
configure:4894: result: yes
configure:4907: checking for sys/types.h
configure:4907: gcc -c -g -O2  conftest.c >&5
configure:4907: $? = 0
configure:4907: result: yes
configure:4907: checking for sys/stat.h
configure:4907: gcc -c -g -O2  conftest.c >&5
configure:4907: $? = 0
configure:4907: result: yes
configure:4907: checking for stdlib.h
configure:4907: gcc -c -g -O2  conftest.c >&5
configure:4907: $? = 0
configure:4907: result: yes
configure:4907: checking for string.h
configure:4907: gcc -c -g -O2  conftest.c >&5
configure:4907: $? = 0
configure:4907: result: yes
configure:4907: checking for memory.h
configure:4907: gcc -c -g -O2  conftest.c >&5
configure:4907: $? = 0
configure:4907: result: yes
configure:4907: checking for strings.h
configure:4907: gcc -c -g -O2  conftest.c >&5
configure:4907: $? = 0
configure:4907: result: yes
configure:4907: checking for inttypes.h
configure:4907: gcc -c -g -O2  conftest.c >&5
configure:4907: $? = 0
configure:4907: result: yes
configure:4907: checking for stdint.h
configure:4907: gcc -c -g -O2  conftest.c >&5
configure:4907: $? = 0
configure:4907: result: yes
configure:4907: checking for unistd.h
configure:4907: gcc -c -g -O2  conftest.c >&5
configure:4907: $? = 0
configure:4907: result: yes
configure:4919: checking whether byte ordering is bigendian
configure:4934: gcc -c -g -O2  conftest.c >&5
conftest.c:22:9: error: unknown type name 'not'
         not a universal capable compiler
         ^
conftest.c:22:15: error: expected '=', ',', ';', 'asm' or '__attribute__' before 'universal'
         not a universal capable compiler
               ^
conftest.c:22:15: error: unknown type name 'universal'
configure:4934: $? = 1
configure: failed program was:
| /* confdefs.h */
| #define PACKAGE_NAME "desmume"
| #define PACKAGE_TARNAME "desmume"
| #define PACKAGE_VERSION "svn"
| #define PACKAGE_STRING "desmume svn"
| #define PACKAGE_BUGREPORT ""
| #define PACKAGE_URL ""
| #define PACKAGE "desmume"
| #define VERSION "svn"
| #define STDC_HEADERS 1
| #define HAVE_SYS_TYPES_H 1
| #define HAVE_SYS_STAT_H 1
| #define HAVE_STDLIB_H 1
| #define HAVE_STRING_H 1
| #define HAVE_MEMORY_H 1
| #define HAVE_STRINGS_H 1
| #define HAVE_INTTYPES_H 1
| #define HAVE_STDINT_H 1
| #define HAVE_UNISTD_H 1
| /* end confdefs.h.  */
| #ifndef __APPLE_CC__
| 	       not a universal capable compiler
| 	     #endif
| 	     typedef int dummy;
| 
configure:4979: gcc -c -g -O2  conftest.c >&5
configure:4979: $? = 0
configure:4997: gcc -c -g -O2  conftest.c >&5
conftest.c: In function 'main':
conftest.c:28:4: error: unknown type name 'not'
    not big endian
    ^
conftest.c:28:12: error: expected '=', ',', ';', 'asm' or '__attribute__' before 'endian'
    not big endian
            ^
configure:4997: $? = 1
configure: failed program was:
| /* confdefs.h */
| #define PACKAGE_NAME "desmume"
| #define PACKAGE_TARNAME "desmume"
| #define PACKAGE_VERSION "svn"
| #define PACKAGE_STRING "desmume svn"
| #define PACKAGE_BUGREPORT ""
| #define PACKAGE_URL ""
| #define PACKAGE "desmume"
| #define VERSION "svn"
| #define STDC_HEADERS 1
| #define HAVE_SYS_TYPES_H 1
| #define HAVE_SYS_STAT_H 1
| #define HAVE_STDLIB_H 1
| #define HAVE_STRING_H 1
| #define HAVE_MEMORY_H 1
| #define HAVE_STRINGS_H 1
| #define HAVE_INTTYPES_H 1
| #define HAVE_STDINT_H 1
| #define HAVE_UNISTD_H 1
| /* end confdefs.h.  */
| #include <sys/types.h>
| 		#include <sys/param.h>
| 
| int
| main ()
| {
| #if BYTE_ORDER != BIG_ENDIAN
| 		 not big endian
| 		#endif
| 
|   ;
|   return 0;
| }
configure:5125: result: no
configure:5162: checking whether NLS is requested
configure:5171: result: yes
configure:5199: checking for intltool-update
configure:5217: found /usr/bin/intltool-update
configure:5229: result: /usr/bin/intltool-update
configure:5239: checking for intltool-merge
configure:5257: found /usr/bin/intltool-merge
configure:5269: result: /usr/bin/intltool-merge
configure:5279: checking for intltool-extract
configure:5297: found /usr/bin/intltool-extract
configure:5309: result: /usr/bin/intltool-extract
configure:5463: checking for xgettext
configure:5481: found /usr/bin/xgettext
configure:5493: result: /usr/bin/xgettext
configure:5503: checking for msgmerge
configure:5521: found /usr/bin/msgmerge
configure:5533: result: /usr/bin/msgmerge
configure:5543: checking for msgfmt
configure:5561: found /usr/bin/msgfmt
configure:5573: result: /usr/bin/msgfmt
configure:5583: checking for gmsgfmt
configure:5614: result: /usr/bin/msgfmt
configure:5634: checking for perl
configure:5652: found /usr/bin/perl
configure:5664: result: /usr/bin/perl
configure:5675: checking for perl >= 5.8.1
configure:5682: result: 5.20.2
configure:5686: checking for XML::Parser
configure:5689: result: ok
configure:5714: gcc -o conftest -g -O2   conftest.c  >&5
configure:5714: $? = 0
configure:5741: checking for gzopen in -lz
configure:5766: gcc -o conftest -g -O2   conftest.c -lz   >&5
configure:5766: $? = 0
configure:5775: result: yes
configure:5789: checking for zzip_open in -lzzip
configure:5814: gcc -o conftest -g -O2   conftest.c -lzzip  -lz  >&5
/usr/bin/ld: cannot find -lzzip
collect2: error: ld returned 1 exit status
configure:5814: $? = 1
configure: failed program was:
| /* confdefs.h */
| #define PACKAGE_NAME "desmume"
| #define PACKAGE_TARNAME "desmume"
| #define PACKAGE_VERSION "svn"
| #define PACKAGE_STRING "desmume svn"
| #define PACKAGE_BUGREPORT ""
| #define PACKAGE_URL ""
| #define PACKAGE "desmume"
| #define VERSION "svn"
| #define STDC_HEADERS 1
| #define HAVE_SYS_TYPES_H 1
| #define HAVE_SYS_STAT_H 1
| #define HAVE_STDLIB_H 1
| #define HAVE_STRING_H 1
| #define HAVE_MEMORY_H 1
| #define HAVE_STRINGS_H 1
| #define HAVE_INTTYPES_H 1
| #define HAVE_STDINT_H 1
| #define HAVE_UNISTD_H 1
| #define SVN_REV 0
| #define SVN_REV_STR "0"
| #define HAVE_LIBZ 1
| /* end confdefs.h.  */
| 
| /* Override any GCC internal prototype to avoid an error.
|    Use char because int might match the return type of a GCC
|    builtin and then its argument prototype would still apply.  */
| #ifdef __cplusplus
| extern "C"
| #endif
| char zzip_open ();
| int
| main ()
| {
| return zzip_open ();
|   ;
|   return 0;
| }
configure:5823: result: no
configure:5863: checking for sdl-config
configure:5881: found /usr/bin/sdl-config
configure:5893: result: /usr/bin/sdl-config
configure:5915: checking GL/gl.h usability
configure:5915: gcc -c -g -O2  conftest.c >&5
configure:5915: $? = 0
configure:5915: result: yes
configure:5915: checking GL/gl.h presence
configure:5915: gcc -E  conftest.c
configure:5915: $? = 0
configure:5915: result: yes
configure:5915: checking for GL/gl.h
configure:5915: result: yes
configure:5922: checking GL/glu.h usability
configure:5922: gcc -c -g -O2  conftest.c >&5
configure:5922: $? = 0
configure:5922: result: yes
configure:5922: checking GL/glu.h presence
configure:5922: gcc -E  conftest.c
configure:5922: $? = 0
configure:5922: result: yes
configure:5922: checking for GL/glu.h
configure:5922: result: yes
configure:6090: checking for main in -ldl
configure:6109: gcc -o conftest -g -O2   conftest.c -ldl  -lz  -lGL -lGLU >&5
configure:6109: $? = 0
configure:6118: result: yes
configure:6129: checking for main in -lGL
configure:6148: gcc -o conftest -g -O2   conftest.c -lGL  -ldl -lz  -lGL -lGLU >&5
configure:6148: $? = 0
configure:6157: result: yes
configure:6170: checking GL/glx.h usability
configure:6170: gcc -c -g -O2  conftest.c >&5
configure:6170: $? = 0
configure:6170: result: yes
configure:6170: checking GL/glx.h presence
configure:6170: gcc -E  conftest.c
configure:6170: $? = 0
configure:6170: result: yes
configure:6170: checking for GL/glx.h
configure:6170: result: yes
configure:6325: checking for pkg-config
configure:6343: found /usr/bin/pkg-config
configure:6355: result: /usr/bin/pkg-config
configure:6380: checking pkg-config is at least version 0.9.0
configure:6383: result: yes
configure:6393: checking for GLIB
configure:6400: $PKG_CONFIG --exists --print-errors "glib-2.0 >= $GLIB_VER"
configure:6403: $? = 0
configure:6417: $PKG_CONFIG --exists --print-errors "glib-2.0 >= $GLIB_VER"
configure:6420: $? = 0
configure:6458: result: yes
configure:6465: checking for GTK
configure:6472: $PKG_CONFIG --exists --print-errors "gtk+-2.0 >= $GTK_VER"
configure:6475: $? = 0
configure:6489: $PKG_CONFIG --exists --print-errors "gtk+-2.0 >= $GTK_VER"
configure:6492: $? = 0
configure:6530: result: yes
configure:6540: checking for GTHREAD
configure:6547: $PKG_CONFIG --exists --print-errors ""gthread-2.0""
configure:6550: $? = 0
configure:6564: $PKG_CONFIG --exists --print-errors ""gthread-2.0""
configure:6567: $? = 0
configure:6605: result: yes
configure:6801: checking for update-desktop-database
configure:6819: found /usr/bin/update-desktop-database
configure:6831: result: /usr/bin/update-desktop-database
configure:6843: checking for LUA
configure:6850: $PKG_CONFIG --exists --print-errors "lua >= 5.1"
Package lua was not found in the pkg-config search path.
Perhaps you should add the directory containing `lua.pc'
to the PKG_CONFIG_PATH environment variable
No package 'lua' found
configure:6853: $? = 1
configure:6867: $PKG_CONFIG --exists --print-errors "lua >= 5.1"
Package lua was not found in the pkg-config search path.
Perhaps you should add the directory containing `lua.pc'
to the PKG_CONFIG_PATH environment variable
No package 'lua' found
configure:6870: $? = 1
configure:6884: result: no
No package 'lua' found
configure:6914: checking for LUA
configure:6921: $PKG_CONFIG --exists --print-errors "lua5.1 >= 5.1"
Package lua5.1 was not found in the pkg-config search path.
Perhaps you should add the directory containing `lua5.1.pc'
to the PKG_CONFIG_PATH environment variable
No package 'lua5.1' found
configure:6924: $? = 1
configure:6938: $PKG_CONFIG --exists --print-errors "lua5.1 >= 5.1"
Package lua5.1 was not found in the pkg-config search path.
Perhaps you should add the directory containing `lua5.1.pc'
to the PKG_CONFIG_PATH environment variable
No package 'lua5.1' found
configure:6941: $? = 1
configure:6955: result: no
No package 'lua5.1' found
configure:6997: checking for ALSA
configure:7004: $PKG_CONFIG --exists --print-errors "alsa >= 1.0"
configure:7007: $? = 0
configure:7021: $PKG_CONFIG --exists --print-errors "alsa >= 1.0"
configure:7024: $? = 0
configure:7062: result: yes
configure:7080: checking for LIBAGG
configure:7087: $PKG_CONFIG --exists --print-errors "libagg >= 2.5.0"
Package libagg was not found in the pkg-config search path.
Perhaps you should add the directory containing `libagg.pc'
to the PKG_CONFIG_PATH environment variable
No package 'libagg' found
configure:7090: $? = 1
configure:7104: $PKG_CONFIG --exists --print-errors "libagg >= 2.5.0"
Package libagg was not found in the pkg-config search path.
Perhaps you should add the directory containing `libagg.pc'
to the PKG_CONFIG_PATH environment variable
No package 'libagg' found
configure:7107: $? = 1
configure:7121: result: no
No package 'libagg' found
configure:7170: checking for LIBSOUNDTOUCH
configure:7177: $PKG_CONFIG --exists --print-errors "soundtouch >= 1.5.0"
Package soundtouch was not found in the pkg-config search path.
Perhaps you should add the directory containing `soundtouch.pc'
to the PKG_CONFIG_PATH environment variable
No package 'soundtouch' found
configure:7180: $? = 1
configure:7194: $PKG_CONFIG --exists --print-errors "soundtouch >= 1.5.0"
Package soundtouch was not found in the pkg-config search path.
Perhaps you should add the directory containing `soundtouch.pc'
to the PKG_CONFIG_PATH environment variable
No package 'soundtouch' found
configure:7197: $? = 1
configure:7211: result: no
No package 'soundtouch' found
configure:7253: WARNING: SoundTouch library not found, pcsx2 resampler will be disabled
configure:8866: checking whether to enable maintainer-specific portions of Makefiles
configure:8875: result: no
configure:9112: creating ./config.status

## ---------------------- ##
## Running config.status. ##
## ---------------------- ##

This file was extended by desmume config.status svn, which was
generated by GNU Autoconf 2.69.  Invocation command line was

  CONFIG_FILES    = 
  CONFIG_HEADERS  = 
  CONFIG_LINKS    = 
  CONFIG_COMMANDS = 
  $ ./config.status 

on richel-K73E

config.status:933: creating Makefile
config.status:933: creating po/Makefile.in
config.status:933: creating src/Makefile
config.status:933: creating src/cli/Makefile
config.status:933: creating src/cli/doc/Makefile
config.status:933: creating src/gtk/Makefile
config.status:933: creating src/gtk/doc/Makefile
config.status:933: creating src/gtk-glade/Makefile
config.status:933: creating src/gtk-glade/doc/Makefile
config.status:933: creating src/gdbstub/Makefile
config.status:933: creating autopackage/default.apspec
config.status:1105: executing depfiles commands
config.status:1105: executing po/stamp-it commands

## ---------------- ##
## Cache variables. ##
## ---------------- ##

ac_cv_build=i686-pc-linux-gnu
ac_cv_c_bigendian=no
ac_cv_c_compiler_gnu=yes
ac_cv_cxx_compiler_gnu=yes
ac_cv_env_ALSA_CFLAGS_set=
ac_cv_env_ALSA_CFLAGS_value=
ac_cv_env_ALSA_LIBS_set=
ac_cv_env_ALSA_LIBS_value=
ac_cv_env_CCC_set=
ac_cv_env_CCC_value=
ac_cv_env_CC_set=
ac_cv_env_CC_value=
ac_cv_env_CFLAGS_set=
ac_cv_env_CFLAGS_value=
ac_cv_env_CPPFLAGS_set=
ac_cv_env_CPPFLAGS_value=
ac_cv_env_CPP_set=
ac_cv_env_CPP_value=
ac_cv_env_CXXFLAGS_set=
ac_cv_env_CXXFLAGS_value=
ac_cv_env_CXX_set=
ac_cv_env_CXX_value=
ac_cv_env_GLIB_CFLAGS_set=
ac_cv_env_GLIB_CFLAGS_value=
ac_cv_env_GLIB_LIBS_set=
ac_cv_env_GLIB_LIBS_value=
ac_cv_env_GTHREAD_CFLAGS_set=
ac_cv_env_GTHREAD_CFLAGS_value=
ac_cv_env_GTHREAD_LIBS_set=
ac_cv_env_GTHREAD_LIBS_value=
ac_cv_env_GTKGLEXT_CFLAGS_set=
ac_cv_env_GTKGLEXT_CFLAGS_value=
ac_cv_env_GTKGLEXT_LIBS_set=
ac_cv_env_GTKGLEXT_LIBS_value=
ac_cv_env_GTK_CFLAGS_set=
ac_cv_env_GTK_CFLAGS_value=
ac_cv_env_GTK_LIBS_set=
ac_cv_env_GTK_LIBS_value=
ac_cv_env_LDFLAGS_set=
ac_cv_env_LDFLAGS_value=
ac_cv_env_LIBAGG_CFLAGS_set=
ac_cv_env_LIBAGG_CFLAGS_value=
ac_cv_env_LIBAGG_LIBS_set=
ac_cv_env_LIBAGG_LIBS_value=
ac_cv_env_LIBGLADE_CFLAGS_set=
ac_cv_env_LIBGLADE_CFLAGS_value=
ac_cv_env_LIBGLADE_LIBS_set=
ac_cv_env_LIBGLADE_LIBS_value=
ac_cv_env_LIBSOUNDTOUCH_CFLAGS_set=
ac_cv_env_LIBSOUNDTOUCH_CFLAGS_value=
ac_cv_env_LIBSOUNDTOUCH_LIBS_set=
ac_cv_env_LIBSOUNDTOUCH_LIBS_value=
ac_cv_env_LIBS_set=
ac_cv_env_LIBS_value=
ac_cv_env_LUA_CFLAGS_set=
ac_cv_env_LUA_CFLAGS_value=
ac_cv_env_LUA_LIBS_set=
ac_cv_env_LUA_LIBS_value=
ac_cv_env_PKG_CONFIG_LIBDIR_set=
ac_cv_env_PKG_CONFIG_LIBDIR_value=
ac_cv_env_PKG_CONFIG_PATH_set=
ac_cv_env_PKG_CONFIG_PATH_value=
ac_cv_env_PKG_CONFIG_set=
ac_cv_env_PKG_CONFIG_value=
ac_cv_env_XMKMF_set=
ac_cv_env_XMKMF_value=
ac_cv_env_build_alias_set=
ac_cv_env_build_alias_value=
ac_cv_env_host_alias_set=
ac_cv_env_host_alias_value=
ac_cv_env_target_alias_set=
ac_cv_env_target_alias_value=
ac_cv_header_GL_gl_h=yes
ac_cv_header_GL_glu_h=yes
ac_cv_header_GL_glx_h=yes
ac_cv_header_inttypes_h=yes
ac_cv_header_memory_h=yes
ac_cv_header_stdc=yes
ac_cv_header_stdint_h=yes
ac_cv_header_stdlib_h=yes
ac_cv_header_string_h=yes
ac_cv_header_strings_h=yes
ac_cv_header_sys_stat_h=yes
ac_cv_header_sys_types_h=yes
ac_cv_header_unistd_h=yes
ac_cv_host=i686-pc-linux-gnu
ac_cv_lib_GL_main=yes
ac_cv_lib_dl_main=yes
ac_cv_lib_z_gzopen=yes
ac_cv_lib_zzip_zzip_open=no
ac_cv_objext=o
ac_cv_path_EGREP='/bin/grep -E'
ac_cv_path_GMSGFMT=/usr/bin/msgfmt
ac_cv_path_GREP=/bin/grep
ac_cv_path_INTLTOOL_EXTRACT=/usr/bin/intltool-extract
ac_cv_path_INTLTOOL_MERGE=/usr/bin/intltool-merge
ac_cv_path_INTLTOOL_PERL=/usr/bin/perl
ac_cv_path_INTLTOOL_UPDATE=/usr/bin/intltool-update
ac_cv_path_MSGFMT=/usr/bin/msgfmt
ac_cv_path_MSGMERGE=/usr/bin/msgmerge
ac_cv_path_SDLCONFIG=/usr/bin/sdl-config
ac_cv_path_UPDATEDESKTOP=/usr/bin/update-desktop-database
ac_cv_path_XGETTEXT=/usr/bin/xgettext
ac_cv_path_ac_pt_PKG_CONFIG=/usr/bin/pkg-config
ac_cv_path_install='/usr/bin/install -c'
ac_cv_path_mkdir=/bin/mkdir
ac_cv_prog_AWK=gawk
ac_cv_prog_CPP='gcc -E'
ac_cv_prog_ac_ct_CC=gcc
ac_cv_prog_ac_ct_CXX=g++
ac_cv_prog_ac_ct_RANLIB=ranlib
ac_cv_prog_cc_c89=
ac_cv_prog_cc_g=yes
ac_cv_prog_cxx_g=yes
ac_cv_prog_make_make_set=yes
am_cv_CC_dependencies_compiler_type=gcc3
am_cv_CXX_dependencies_compiler_type=gcc3
am_cv_prog_tar_pax=gnutar
pkg_cv_ALSA_CFLAGS='-I/usr/include/alsa '
pkg_cv_ALSA_LIBS='-lasound '
pkg_cv_GLIB_CFLAGS='-I/usr/include/glib-2.0 -I/usr/lib/i386-linux-gnu/glib-2.0/include '
pkg_cv_GLIB_LIBS='-lglib-2.0 '
pkg_cv_GTHREAD_CFLAGS='-pthread -I/usr/include/glib-2.0 -I/usr/lib/i386-linux-gnu/glib-2.0/include '
pkg_cv_GTHREAD_LIBS='-lgthread-2.0 -pthread -lglib-2.0 '
pkg_cv_GTK_CFLAGS='-pthread -I/usr/include/gtk-2.0 -I/usr/lib/i386-linux-gnu/gtk-2.0/include -I/usr/include/gio-unix-2.0/ -I/usr/include/cairo -I/usr/include/pango-1.0 -I/usr/include/atk-1.0 -I/usr/include/cairo -I/usr/include/pixman-1 -I/usr/include/libpng12 -I/usr/include/gdk-pixbuf-2.0 -I/usr/include/libpng12 -I/usr/include/pango-1.0 -I/usr/include/harfbuzz -I/usr/include/pango-1.0 -I/usr/include/glib-2.0 -I/usr/lib/i386-linux-gnu/glib-2.0/include -I/usr/include/freetype2 '
pkg_cv_GTK_LIBS='-lgtk-x11-2.0 -lgdk-x11-2.0 -lpangocairo-1.0 -latk-1.0 -lcairo -lgdk_pixbuf-2.0 -lgio-2.0 -lpangoft2-1.0 -lpango-1.0 -lgobject-2.0 -lglib-2.0 -lfontconfig -lfreetype '

## ----------------- ##
## Output variables. ##
## ----------------- ##

ACLOCAL='${SHELL} /home/richel/GitHubs/ProjectRichelBilderbeek/Libraries/desmume-0.9.11/missing --run aclocal-1.11'
ALL_LINGUAS=''
ALSA_CFLAGS='-I/usr/include/alsa '
ALSA_LIBS='-lasound '
AMDEPBACKSLASH='\'
AMDEP_FALSE='#'
AMDEP_TRUE=''
AMTAR='$${TAR-tar}'
AM_DEFAULT_VERBOSITY='1'
AUTOCONF='${SHELL} /home/richel/GitHubs/ProjectRichelBilderbeek/Libraries/desmume-0.9.11/missing --run autoconf'
AUTOHEADER='${SHELL} /home/richel/GitHubs/ProjectRichelBilderbeek/Libraries/desmume-0.9.11/missing --run autoheader'
AUTOMAKE='${SHELL} /home/richel/GitHubs/ProjectRichelBilderbeek/Libraries/desmume-0.9.11/missing --run automake-1.11'
AWK='gawk'
CATALOGS=''
CATOBJEXT=''
CC='gcc'
CCDEPMODE='depmode=gcc3'
CFLAGS='-g -O2'
CPP='gcc -E'
CPPFLAGS=''
CXX='g++'
CXXDEPMODE='depmode=gcc3'
CXXFLAGS='-g -O2'
CYGPATH_W='echo'
DATADIRNAME='share'
DEFS='-DPACKAGE_NAME=\"desmume\" -DPACKAGE_TARNAME=\"desmume\" -DPACKAGE_VERSION=\"svn\" -DPACKAGE_STRING=\"desmume\ svn\" -DPACKAGE_BUGREPORT=\"\" -DPACKAGE_URL=\"\" -DPACKAGE=\"desmume\" -DVERSION=\"svn\" -DSTDC_HEADERS=1 -DHAVE_SYS_TYPES_H=1 -DHAVE_SYS_STAT_H=1 -DHAVE_STDLIB_H=1 -DHAVE_STRING_H=1 -DHAVE_MEMORY_H=1 -DHAVE_STRINGS_H=1 -DHAVE_INTTYPES_H=1 -DHAVE_STDINT_H=1 -DHAVE_UNISTD_H=1 -DSVN_REV=0 -DSVN_REV_STR=\"0\" -DHAVE_LIBZ=1 -DHAVE_GL_GL_H=1 -DHAVE_GL_GLU_H=1 -DHAVE_LIBDL=1 -DHAVE_LIBGL=1 -DHAVE_GL_GLX_H=1 -DHAVE_GL_GLX=1 -DHAVE_JIT=1 -DHOST_LINUX=1 -DHOST_32=1'
DEPDIR='.deps'
ECHO_C=''
ECHO_N='-n'
ECHO_T=''
EGREP='/bin/grep -E'
EXEEXT=''
GETTEXT_PACKAGE=''
GLADEUI_UNINSTALLED_DIR=''
GLIB_CFLAGS='-I/usr/include/glib-2.0 -I/usr/lib/i386-linux-gnu/glib-2.0/include '
GLIB_LIBS='-lglib-2.0 '
GLX_LIBS='-lX11'
GMOFILES=''
GMSGFMT='/usr/bin/msgfmt'
GREP='/bin/grep'
GTHREAD_CFLAGS='-pthread -I/usr/include/glib-2.0 -I/usr/lib/i386-linux-gnu/glib-2.0/include '
GTHREAD_LIBS='-lgthread-2.0 -pthread -lglib-2.0 '
GTKGLEXT_CFLAGS=''
GTKGLEXT_LIBS=''
GTK_CFLAGS='-pthread -I/usr/include/gtk-2.0 -I/usr/lib/i386-linux-gnu/gtk-2.0/include -I/usr/include/gio-unix-2.0/ -I/usr/include/cairo -I/usr/include/pango-1.0 -I/usr/include/atk-1.0 -I/usr/include/cairo -I/usr/include/pixman-1 -I/usr/include/libpng12 -I/usr/include/gdk-pixbuf-2.0 -I/usr/include/libpng12 -I/usr/include/pango-1.0 -I/usr/include/harfbuzz -I/usr/include/pango-1.0 -I/usr/include/glib-2.0 -I/usr/lib/i386-linux-gnu/glib-2.0/include -I/usr/include/freetype2 '
GTK_LIBS='-lgtk-x11-2.0 -lgdk-x11-2.0 -lpangocairo-1.0 -latk-1.0 -lcairo -lgdk_pixbuf-2.0 -lgio-2.0 -lpangoft2-1.0 -lpango-1.0 -lgobject-2.0 -lglib-2.0 -lfontconfig -lfreetype '
HAVE_ALSA_FALSE='#'
HAVE_ALSA_TRUE=''
HAVE_GDB_STUB_FALSE=''
HAVE_GDB_STUB_TRUE='#'
HAVE_GL_FALSE='#'
HAVE_GL_GLX_FALSE='#'
HAVE_GL_GLX_TRUE=''
HAVE_GL_TRUE=''
HAVE_JIT_FALSE='#'
HAVE_JIT_TRUE=''
HAVE_LIBAGG_FALSE=''
HAVE_LIBAGG_TRUE='#'
HAVE_LIBOSMESA_FALSE=''
HAVE_LIBOSMESA_TRUE='#'
HAVE_LIBSOUNDTOUCH_FALSE=''
HAVE_LIBSOUNDTOUCH_TRUE='#'
HAVE_LUA_FALSE=''
HAVE_LUA_TRUE='#'
HAVE_OPENAL_FALSE=''
HAVE_OPENAL_TRUE='#'
INSTALL_DATA='${INSTALL} -m 644'
INSTALL_PROGRAM='${INSTALL}'
INSTALL_SCRIPT='${INSTALL}'
INSTALL_STRIP_PROGRAM='$(install_sh) -c -s'
INSTOBJEXT=''
INTLLIBS=''
INTLTOOL_CAVES_RULE='%.caves:     %.caves.in     $(INTLTOOL_MERGE) $(wildcard $(top_srcdir)/po/*.po) ; $(INTLTOOL_V_MERGE)LC_ALL=C $(INTLTOOL_MERGE) $(INTLTOOL_V_MERGE_OPTIONS) -d -u -c $(top_builddir)/po/.intltool-merge-cache $(top_srcdir)/po $< $@'
INTLTOOL_DESKTOP_RULE='%.desktop:   %.desktop.in   $(INTLTOOL_MERGE) $(wildcard $(top_srcdir)/po/*.po) ; $(INTLTOOL_V_MERGE)LC_ALL=C $(INTLTOOL_MERGE) $(INTLTOOL_V_MERGE_OPTIONS) -d -u -c $(top_builddir)/po/.intltool-merge-cache $(top_srcdir)/po $< $@'
INTLTOOL_DIRECTORY_RULE='%.directory: %.directory.in $(INTLTOOL_MERGE) $(wildcard $(top_srcdir)/po/*.po) ; $(INTLTOOL_V_MERGE)LC_ALL=C $(INTLTOOL_MERGE) $(INTLTOOL_V_MERGE_OPTIONS) -d -u -c $(top_builddir)/po/.intltool-merge-cache $(top_srcdir)/po $< $@'
INTLTOOL_EXTRACT='/usr/bin/intltool-extract'
INTLTOOL_KBD_RULE='%.kbd:       %.kbd.in       $(INTLTOOL_MERGE) $(wildcard $(top_srcdir)/po/*.po) ; $(INTLTOOL_V_MERGE)LC_ALL=C $(INTLTOOL_MERGE) $(INTLTOOL_V_MERGE_OPTIONS) -x -u -m -c $(top_builddir)/po/.intltool-merge-cache $(top_srcdir)/po $< $@'
INTLTOOL_KEYS_RULE='%.keys:      %.keys.in      $(INTLTOOL_MERGE) $(wildcard $(top_srcdir)/po/*.po) ; $(INTLTOOL_V_MERGE)LC_ALL=C $(INTLTOOL_MERGE) $(INTLTOOL_V_MERGE_OPTIONS) -k -u -c $(top_builddir)/po/.intltool-merge-cache $(top_srcdir)/po $< $@'
INTLTOOL_MERGE='/usr/bin/intltool-merge'
INTLTOOL_OAF_RULE='%.oaf:       %.oaf.in       $(INTLTOOL_MERGE) $(wildcard $(top_srcdir)/po/*.po) ; $(INTLTOOL_V_MERGE)LC_ALL=C $(INTLTOOL_MERGE) $(INTLTOOL_V_MERGE_OPTIONS) -o -p $(top_srcdir)/po $< $@'
INTLTOOL_PERL='/usr/bin/perl'
INTLTOOL_POLICY_RULE='%.policy:    %.policy.in    $(INTLTOOL_MERGE) $(wildcard $(top_srcdir)/po/*.po) ; $(INTLTOOL_V_MERGE)LC_ALL=C $(INTLTOOL_MERGE) $(INTLTOOL_V_MERGE_OPTIONS) -x -u -c $(top_builddir)/po/.intltool-merge-cache $(top_srcdir)/po $< $@'
INTLTOOL_PONG_RULE='%.pong:      %.pong.in      $(INTLTOOL_MERGE) $(wildcard $(top_srcdir)/po/*.po) ; $(INTLTOOL_V_MERGE)LC_ALL=C $(INTLTOOL_MERGE) $(INTLTOOL_V_MERGE_OPTIONS) -x -u -c $(top_builddir)/po/.intltool-merge-cache $(top_srcdir)/po $< $@'
INTLTOOL_PROP_RULE='%.prop:      %.prop.in      $(INTLTOOL_MERGE) $(wildcard $(top_srcdir)/po/*.po) ; $(INTLTOOL_V_MERGE)LC_ALL=C $(INTLTOOL_MERGE) $(INTLTOOL_V_MERGE_OPTIONS) -d -u -c $(top_builddir)/po/.intltool-merge-cache $(top_srcdir)/po $< $@'
INTLTOOL_SCHEMAS_RULE='%.schemas:   %.schemas.in   $(INTLTOOL_MERGE) $(wildcard $(top_srcdir)/po/*.po) ; $(INTLTOOL_V_MERGE)LC_ALL=C $(INTLTOOL_MERGE) $(INTLTOOL_V_MERGE_OPTIONS) -s -u -c $(top_builddir)/po/.intltool-merge-cache $(top_srcdir)/po $< $@'
INTLTOOL_SERVER_RULE='%.server:    %.server.in    $(INTLTOOL_MERGE) $(wildcard $(top_srcdir)/po/*.po) ; $(INTLTOOL_V_MERGE)LC_ALL=C $(INTLTOOL_MERGE) $(INTLTOOL_V_MERGE_OPTIONS) -o -u -c $(top_builddir)/po/.intltool-merge-cache $(top_srcdir)/po $< $@'
INTLTOOL_SERVICE_RULE='%.service: %.service.in   $(INTLTOOL_MERGE) $(wildcard $(top_srcdir)/po/*.po) ; $(INTLTOOL_V_MERGE)LC_ALL=C $(INTLTOOL_MERGE) $(INTLTOOL_V_MERGE_OPTIONS) -d -u -c $(top_builddir)/po/.intltool-merge-cache $(top_srcdir)/po $< $@'
INTLTOOL_SHEET_RULE='%.sheet:     %.sheet.in     $(INTLTOOL_MERGE) $(wildcard $(top_srcdir)/po/*.po) ; $(INTLTOOL_V_MERGE)LC_ALL=C $(INTLTOOL_MERGE) $(INTLTOOL_V_MERGE_OPTIONS) -x -u -c $(top_builddir)/po/.intltool-merge-cache $(top_srcdir)/po $< $@'
INTLTOOL_SOUNDLIST_RULE='%.soundlist: %.soundlist.in $(INTLTOOL_MERGE) $(wildcard $(top_srcdir)/po/*.po) ; $(INTLTOOL_V_MERGE)LC_ALL=C $(INTLTOOL_MERGE) $(INTLTOOL_V_MERGE_OPTIONS) -d -u -c $(top_builddir)/po/.intltool-merge-cache $(top_srcdir)/po $< $@'
INTLTOOL_THEME_RULE='%.theme:     %.theme.in     $(INTLTOOL_MERGE) $(wildcard $(top_srcdir)/po/*.po) ; $(INTLTOOL_V_MERGE)LC_ALL=C $(INTLTOOL_MERGE) $(INTLTOOL_V_MERGE_OPTIONS) -d -u -c $(top_builddir)/po/.intltool-merge-cache $(top_srcdir)/po $< $@'
INTLTOOL_UI_RULE='%.ui:        %.ui.in        $(INTLTOOL_MERGE) $(wildcard $(top_srcdir)/po/*.po) ; $(INTLTOOL_V_MERGE)LC_ALL=C $(INTLTOOL_MERGE) $(INTLTOOL_V_MERGE_OPTIONS) -x -u -c $(top_builddir)/po/.intltool-merge-cache $(top_srcdir)/po $< $@'
INTLTOOL_UPDATE='/usr/bin/intltool-update'
INTLTOOL_V_MERGE='$(INTLTOOL__v_MERGE_$(V))'
INTLTOOL_V_MERGE_OPTIONS='$(intltool__v_merge_options_$(V))'
INTLTOOL_XAM_RULE='%.xam:       %.xml.in       $(INTLTOOL_MERGE) $(wildcard $(top_srcdir)/po/*.po) ; $(INTLTOOL_V_MERGE)LC_ALL=C $(INTLTOOL_MERGE) $(INTLTOOL_V_MERGE_OPTIONS) -x -u -c $(top_builddir)/po/.intltool-merge-cache $(top_srcdir)/po $< $@'
INTLTOOL_XML_NOMERGE_RULE='%.xml:       %.xml.in       $(INTLTOOL_MERGE) ; $(INTLTOOL_V_MERGE)LC_ALL=C $(INTLTOOL_MERGE) $(INTLTOOL_V_MERGE_OPTIONS) -x -u --no-translations $< $@'
INTLTOOL_XML_RULE='%.xml:       %.xml.in       $(INTLTOOL_MERGE) $(wildcard $(top_srcdir)/po/*.po) ; $(INTLTOOL_V_MERGE)LC_ALL=C $(INTLTOOL_MERGE) $(INTLTOOL_V_MERGE_OPTIONS) -x -u -c $(top_builddir)/po/.intltool-merge-cache $(top_srcdir)/po $< $@'
INTLTOOL__v_MERGE_0='@echo "  ITMRG " $@;'
INTLTOOL__v_MERGE_='$(INTLTOOL__v_MERGE_$(AM_DEFAULT_VERBOSITY))'
LDFLAGS=''
LIBAGG_CFLAGS=''
LIBAGG_LIBS=''
LIBGLADE_CFLAGS=''
LIBGLADE_LIBS=''
LIBOBJS=''
LIBS='-lGL -ldl -lz  -lGL -lGLU'
LIBSOUNDTOUCH_CFLAGS=''
LIBSOUNDTOUCH_LIBS=''
LTLIBOBJS=''
LUA_CFLAGS=''
LUA_LIBS=''
MAINT='#'
MAINTAINER_MODE_FALSE=''
MAINTAINER_MODE_TRUE='#'
MAKEINFO='${SHELL} /home/richel/GitHubs/ProjectRichelBilderbeek/Libraries/desmume-0.9.11/missing --run makeinfo'
MKDIR_P='/bin/mkdir -p'
MKINSTALLDIRS=''
MSGFMT='/usr/bin/msgfmt'
MSGFMT_OPTS=''
MSGMERGE='/usr/bin/msgmerge'
OBJEXT='o'
OSMESA_LIBS=''
PACKAGE='desmume'
PACKAGE_BUGREPORT=''
PACKAGE_NAME='desmume'
PACKAGE_STRING='desmume svn'
PACKAGE_TARNAME='desmume'
PACKAGE_URL=''
PACKAGE_VERSION='svn'
PATH_SEPARATOR=':'
PKG_CONFIG='/usr/bin/pkg-config'
PKG_CONFIG_LIBDIR=''
PKG_CONFIG_PATH=''
POFILES=''
POSUB=''
PO_DIR='po'
PO_IN_DATADIR_FALSE=''
PO_IN_DATADIR_TRUE=''
RANLIB='ranlib'
SDLCONFIG='/usr/bin/sdl-config'
SDL_CFLAGS='-I/usr/include/SDL -D_GNU_SOURCE=1 -D_REENTRANT'
SDL_LIBS='-L/usr/lib/i386-linux-gnu -lSDL'
SET_MAKE=''
SHELL='/bin/bash'
STRIP=''
UI_DIR='gtk cli '
UPDATEDESKTOP='/usr/bin/update-desktop-database'
USE_MAINTAINER_MODE='no'
USE_NLS='yes'
VERSION='svn'
XGETTEXT='/usr/bin/xgettext'
XMKMF=''
X_CFLAGS=''
X_EXTRA_LIBS=''
X_LIBS=''
X_PRE_LIBS=''
ac_ct_CC='gcc'
ac_ct_CXX='g++'
am__EXEEXT_FALSE=''
am__EXEEXT_TRUE='#'
am__fastdepCC_FALSE='#'
am__fastdepCC_TRUE=''
am__fastdepCXX_FALSE='#'
am__fastdepCXX_TRUE=''
am__include='include'
am__isrc=''
am__leading_dot='.'
am__nodep='_no'
am__quote=''
am__tar='tar --format=posix -chf - "$$tardir"'
am__untar='tar -xf -'
bindir='${exec_prefix}/bin'
build='i686-pc-linux-gnu'
build_alias=''
build_cpu='i686'
build_os='linux-gnu'
build_vendor='pc'
datadir='${datarootdir}'
datarootdir='${prefix}/share'
desmume_arch='linux'
docdir='${datarootdir}/doc/${PACKAGE_TARNAME}'
dvidir='${docdir}'
exec_prefix='${prefix}'
host='i686-pc-linux-gnu'
host_alias=''
host_cpu='i686'
host_os='linux-gnu'
host_vendor='pc'
htmldir='${docdir}'
includedir='${prefix}/include'
infodir='${datarootdir}/info'
install_sh='${SHELL} /home/richel/GitHubs/ProjectRichelBilderbeek/Libraries/desmume-0.9.11/install-sh'
intltool__v_merge_options_0='-q'
intltool__v_merge_options_='$(intltool__v_merge_options_$(AM_DEFAULT_VERBOSITY))'
libdir='${exec_prefix}/lib'
libexecdir='${exec_prefix}/libexec'
localedir='${datarootdir}/locale'
localstatedir='${prefix}/var'
mandir='${datarootdir}/man'
mkdir_p='/bin/mkdir -p'
oldincludedir='/usr/include'
pdfdir='${docdir}'
prefix='/usr/local'
program_transform_name='s,x,x,'
psdir='${docdir}'
sbindir='${exec_prefix}/sbin'
sharedstatedir='${prefix}/com'
sysconfdir='${prefix}/etc'
target_alias=''

## ----------- ##
## confdefs.h. ##
## ----------- ##

/* confdefs.h */
#define PACKAGE_NAME "desmume"
#define PACKAGE_TARNAME "desmume"
#define PACKAGE_VERSION "svn"
#define PACKAGE_STRING "desmume svn"
#define PACKAGE_BUGREPORT ""
#define PACKAGE_URL ""
#define PACKAGE "desmume"
#define VERSION "svn"
#define STDC_HEADERS 1
#define HAVE_SYS_TYPES_H 1
#define HAVE_SYS_STAT_H 1
#define HAVE_STDLIB_H 1
#define HAVE_STRING_H 1
#define HAVE_MEMORY_H 1
#define HAVE_STRINGS_H 1
#define HAVE_INTTYPES_H 1
#define HAVE_STDINT_H 1
#define HAVE_UNISTD_H 1
#define SVN_REV 0
#define SVN_REV_STR "0"
#define HAVE_LIBZ 1
#define HAVE_GL_GL_H 1
#define HAVE_GL_GLU_H 1
#define HAVE_LIBDL 1
#define HAVE_LIBGL 1
#define HAVE_GL_GLX_H 1
#define HAVE_GL_GLX 1
#define HAVE_JIT 1
#define HOST_LINUX 1
#define HOST_32 1

configure: exit 0
